Using pre-set license

 COMMAND LINE ARGUMENTS:
/Applications/Unity/Hub/Editor/2020.3.2f1/Unity.app/Contents/MacOS/Unity
-adb2
-batchMode
-noUpm
-name
AssetImportWorker0
-projectPath
/Users/kasia/Desktop/KASIA/PROJEKTY/CWICZONKA/Checkers2
-logFile
Logs/AssetImportWorker0.log
-srvPort
53280
Successfully changed project path to: /Users/kasia/Desktop/KASIA/PROJEKTY/CWICZONKA/Checkers2
/Users/kasia/Desktop/KASIA/PROJEKTY/CWICZONKA/Checkers2
Using Asset Import Pipeline V2.
Refreshing native plugins compatible for Editor in 32.75 ms, found 1 plugins.
Preloading 0 native plugins for Editor in 0.00 ms.
Initialize engine version: 2020.3.2f1 (8fd9074bf66c)
[Subsystems] Discovering subsystems at path /Applications/Unity/Hub/Editor/2020.3.2f1/Unity.app/Contents/Resources/UnitySubsystems
[Subsystems] Discovering subsystems at path /Users/kasia/Desktop/KASIA/PROJEKTY/CWICZONKA/Checkers2/Assets
GfxDevice: creating device client; threaded=0
2021-05-17 20:56:52.336 Unity[58602:3127912] Color LCD preferred device: Intel(R) Iris(TM) Graphics 550 (low power)
2021-05-17 20:56:52.336 Unity[58602:3127912] Metal devices available: 1
2021-05-17 20:56:52.336 Unity[58602:3127912] 0: Intel(R) Iris(TM) Graphics 550 (low power)
2021-05-17 20:56:52.337 Unity[58602:3127912] Using device Intel(R) Iris(TM) Graphics 550 (low power)
Initializing Metal device caps: Intel(R) Iris(TM) Graphics 550
Initialize mono
Mono path[0] = '/Applications/Unity/Hub/Editor/2020.3.2f1/Unity.app/Contents/Managed'
Mono path[1] = '/Applications/Unity/Hub/Editor/2020.3.2f1/Unity.app/Contents/MonoBleedingEdge/lib/mono/unityjit'
Mono config path = '/Applications/Unity/Hub/Editor/2020.3.2f1/Unity.app/Contents/MonoBleedingEdge/etc'
Using monoOptions --debugger-agent=transport=dt_socket,embedding=1,server=y,suspend=n,address=127.0.0.1:56602
Begin MonoManager ReloadAssembly
Registering precompiled unity dll's ...
Register platform support module: /Applications/Unity/Hub/Editor/2020.3.2f1/Unity.app/Contents/PlaybackEngines/MacStandaloneSupport/UnityEditor.OSXStandalone.Extensions.dll
Register platform support module: /Applications/Unity/Hub/Editor/2020.3.2f1/PlaybackEngines/WindowsStandaloneSupport/UnityEditor.WindowsStandalone.Extensions.dll
Registered in 0.001054 seconds.
Native extension for WindowsStandalone target not found
Native extension for OSXStandalone target not found
Refreshing native plugins compatible for Editor in 48.80 ms, found 1 plugins.
Preloading 0 native plugins for Editor in 0.00 ms.
Invoked RoslynAnalysisRunner static constructor.
RoslynAnalysisRunner will not be running.
RoslynAnalysisRunner has terminated.
Mono: successfully reloaded assembly
- Completed reload, in  2.180 seconds
Platform modules already initialized, skipping
Registering precompiled user dll's ...
Registered in 0.000403 seconds.
Begin MonoManager ReloadAssembly
Native extension for WindowsStandalone target not found
Native extension for OSXStandalone target not found
Refreshing native plugins compatible for Editor in 0.33 ms, found 1 plugins.
Preloading 0 native plugins for Editor in 0.00 ms.
Invoked RoslynAnalysisRunner static constructor.
RoslynAnalysisRunner will not be running.
RoslynAnalysisRunner has terminated.
Mono: successfully reloaded assembly
- Completed reload, in  1.116 seconds
Platform modules already initialized, skipping
========================================================================
Worker process is ready to serve import requests
Launching external process: /Applications/Unity/Hub/Editor/2020.3.2f1/Unity.app/Contents/Tools/UnityShaderCompiler
Launched and connected shader compiler UnityShaderCompiler after 0.01 seconds
Refreshing native plugins compatible for Editor in 0.24 ms, found 1 plugins.
Preloading 0 native plugins for Editor in 0.00 ms.
Unloading 1127 Unused Serialized files (Serialized files now loaded: 0)
System memory in use before: 108.7 MB.
System memory in use after: 108.8 MB.

Unloading 9 unused Assets to reduce memory usage. Loaded Objects now: 1571.
Total: 2.770766 ms (FindLiveObjects: 0.260506 ms CreateObjectMapping: 0.063547 ms MarkObjects: 2.351142 ms  DeleteObjects: 0.093973 ms)

========================================================================
Received Import Request.
  path: Assets/Scripts/Test.cs
  artifactKey: Guid(15a6ec6d7c1924fe48968e73d40813d5) Importer(815301076,1909f56bfc062723c751e8b465ee728b)
Start importing Assets/Scripts/Test.cs using Guid(15a6ec6d7c1924fe48968e73d40813d5) Importer(815301076,1909f56bfc062723c751e8b465ee728b)  -> (artifact id: '9f45608765b8d28ecc0df87b5fa8fc1e') in 0.447341 seconds
  Import took 0.449280 seconds .

========================================================================
Received Prepare
Registering precompiled user dll's ...
Registered in 0.000368 seconds.
Begin MonoManager ReloadAssembly
Native extension for WindowsStandalone target not found
Native extension for OSXStandalone target not found
Refreshing native plugins compatible for Editor in 0.24 ms, found 1 plugins.
Preloading 0 native plugins for Editor in 0.00 ms.
Invoked RoslynAnalysisRunner static constructor.
RoslynAnalysisRunner will not be running.
RoslynAnalysisRunner has terminated.
Mono: successfully reloaded assembly
- Completed reload, in  1.077 seconds
Platform modules already initialized, skipping
Refreshing native plugins compatible for Editor in 0.19 ms, found 1 plugins.
Preloading 0 native plugins for Editor in 0.00 ms.
Unloading 1121 Unused Serialized files (Serialized files now loaded: 0)
System memory in use before: 113.1 MB.
System memory in use after: 113.2 MB.

Unloading 4 unused Assets to reduce memory usage. Loaded Objects now: 1574.
Total: 2.066892 ms (FindLiveObjects: 0.242859 ms CreateObjectMapping: 0.063128 ms MarkObjects: 1.733712 ms  DeleteObjects: 0.023971 ms)

========================================================================
Received Prepare
Registering precompiled user dll's ...
Registered in 0.000384 seconds.
Begin MonoManager ReloadAssembly
Native extension for WindowsStandalone target not found
Native extension for OSXStandalone target not found
Refreshing native plugins compatible for Editor in 0.26 ms, found 1 plugins.
Preloading 0 native plugins for Editor in 0.00 ms.
Invoked RoslynAnalysisRunner static constructor.
RoslynAnalysisRunner will not be running.
RoslynAnalysisRunner has terminated.
Mono: successfully reloaded assembly
- Completed reload, in  1.042 seconds
Platform modules already initialized, skipping
Refreshing native plugins compatible for Editor in 0.19 ms, found 1 plugins.
Preloading 0 native plugins for Editor in 0.00 ms.
Unloading 1121 Unused Serialized files (Serialized files now loaded: 0)
System memory in use before: 113.2 MB.
System memory in use after: 113.3 MB.

Unloading 4 unused Assets to reduce memory usage. Loaded Objects now: 1577.
Total: 2.690999 ms (FindLiveObjects: 0.389218 ms CreateObjectMapping: 0.095214 ms MarkObjects: 2.183901 ms  DeleteObjects: 0.020253 ms)

========================================================================
Received Import Request.
  Time since last request: 703.386158 seconds.
  path: Assets/Scripts/Test.cs
  artifactKey: Guid(15a6ec6d7c1924fe48968e73d40813d5) Importer(815301076,1909f56bfc062723c751e8b465ee728b)
Start importing Assets/Scripts/Test.cs using Guid(15a6ec6d7c1924fe48968e73d40813d5) Importer(815301076,1909f56bfc062723c751e8b465ee728b)  -> (artifact id: '418749e4202afd52d63d19a67dbb1f64') in 0.009778 seconds
  Import took 0.012664 seconds .

========================================================================
Received Prepare
Registering precompiled user dll's ...
Registered in 0.000377 seconds.
Begin MonoManager ReloadAssembly
Native extension for WindowsStandalone target not found
Native extension for OSXStandalone target not found
Refreshing native plugins compatible for Editor in 0.24 ms, found 1 plugins.
Preloading 0 native plugins for Editor in 0.00 ms.
Invoked RoslynAnalysisRunner static constructor.
RoslynAnalysisRunner will not be running.
RoslynAnalysisRunner has terminated.
Mono: successfully reloaded assembly
- Completed reload, in  1.090 seconds
Platform modules already initialized, skipping
Refreshing native plugins compatible for Editor in 0.20 ms, found 1 plugins.
Preloading 0 native plugins for Editor in 0.00 ms.
Unloading 1121 Unused Serialized files (Serialized files now loaded: 0)
System memory in use before: 113.4 MB.
System memory in use after: 113.5 MB.

Unloading 4 unused Assets to reduce memory usage. Loaded Objects now: 1580.
Total: 1.914242 ms (FindLiveObjects: 0.240331 ms CreateObjectMapping: 0.046567 ms MarkObjects: 1.611829 ms  DeleteObjects: 0.013421 ms)

========================================================================
Received Import Request.
  Time since last request: 73.944417 seconds.
  path: Assets/Scripts/Test.cs
  artifactKey: Guid(15a6ec6d7c1924fe48968e73d40813d5) Importer(815301076,1909f56bfc062723c751e8b465ee728b)
Start importing Assets/Scripts/Test.cs using Guid(15a6ec6d7c1924fe48968e73d40813d5) Importer(815301076,1909f56bfc062723c751e8b465ee728b)  -> (artifact id: 'c176f327d76c95a3c14bc3a420a0d0e3') in 0.008163 seconds
  Import took 0.010267 seconds .

========================================================================
Received Prepare
Registering precompiled user dll's ...
Registered in 0.000543 seconds.
Begin MonoManager ReloadAssembly
Native extension for WindowsStandalone target not found
Native extension for OSXStandalone target not found
Refreshing native plugins compatible for Editor in 0.39 ms, found 1 plugins.
Preloading 0 native plugins for Editor in 0.00 ms.
Invoked RoslynAnalysisRunner static constructor.
RoslynAnalysisRunner will not be running.
RoslynAnalysisRunner has terminated.
Mono: successfully reloaded assembly
- Completed reload, in  1.151 seconds
Platform modules already initialized, skipping
Refreshing native plugins compatible for Editor in 0.22 ms, found 1 plugins.
Preloading 0 native plugins for Editor in 0.00 ms.
Unloading 1121 Unused Serialized files (Serialized files now loaded: 0)
System memory in use before: 113.7 MB.
System memory in use after: 113.7 MB.

Unloading 4 unused Assets to reduce memory usage. Loaded Objects now: 1583.
Total: 4.534131 ms (FindLiveObjects: 0.378312 ms CreateObjectMapping: 0.068275 ms MarkObjects: 4.055967 ms  DeleteObjects: 0.028915 ms)

